# JRE version: Java(TM) SE Runtime Environment 18.9 (11.0.12+8) (build 11.0.12+8-LTS-237)
# Java VM: Java HotSpot(TM) 64-Bit Server VM 18.9 (11.0.12+8-LTS-237, mixed mode, tiered, compressed oops, g1 gc, windows-amd64)
Heap:
 garbage-first heap   total 262144K, used 116572K [0x00000000e0000000, 0x0000000100000000)
  region size 1024K, 71 young (72704K), 5 survivors (5120K)
 Metaspace       used 60763K, capacity 62582K, committed 62748K, reserved 309248K
  class space    used 7813K, capacity 8544K, committed 8652K, reserved 253952K
GC Heap History (10 events):
Event: 7.005 GC heap before
{Heap before GC invocations=6 (full 0):
 garbage-first heap   total 262144K, used 133688K [0x00000000e0000000, 0x0000000100000000)
  region size 1024K, 113 young (115712K), 6 survivors (6144K)
 Metaspace       used 44459K, capacity 45531K, committed 45596K, reserved 294912K
  class space    used 5654K, capacity 6042K, committed 6092K, reserved 253952K
}
Event: 7.019 GC heap after
{Heap after GC invocations=7 (full 0):
 garbage-first heap   total 262144K, used 29746K [0x00000000e0000000, 0x0000000100000000)
  region size 1024K, 13 young (13312K), 13 survivors (13312K)
 Metaspace       used 44459K, capacity 45531K, committed 45596K, reserved 294912K
  class space    used 5654K, capacity 6042K, committed 6092K, reserved 253952K
}
Event: 8.844 GC heap before
{Heap before GC invocations=7 (full 0):
 garbage-first heap   total 262144K, used 162866K [0x00000000e0000000, 0x0000000100000000)
  region size 1024K, 142 young (145408K), 13 survivors (13312K)
 Metaspace       used 54510K, capacity 56080K, committed 56220K, reserved 303104K
  class space    used 7093K, capacity 7689K, committed 7756K, reserved 253952K
}
Event: 8.859 GC heap after
{Heap after GC invocations=8 (full 0):
 garbage-first heap   total 262144K, used 36740K [0x00000000e0000000, 0x0000000100000000)
  region size 1024K, 15 young (15360K), 15 survivors (15360K)
 Metaspace       used 54510K, capacity 56080K, committed 56220K, reserved 303104K
  class space    used 7093K, capacity 7689K, committed 7756K, reserved 253952K
}
Event: 10.293 GC heap before
{Heap before GC invocations=8 (full 0):
 garbage-first heap   total 262144K, used 126852K [0x00000000e0000000, 0x0000000100000000)
  region size 1024K, 104 young (106496K), 15 survivors (15360K)
 Metaspace       used 58536K, capacity 60272K, committed 60316K, reserved 307200K
  class space    used 7593K, capacity 8259K, committed 8268K, reserved 253952K
}
Event: 10.311 GC heap after
{Heap after GC invocations=9 (full 0):
 garbage-first heap   total 262144K, used 44278K [0x00000000e0000000, 0x0000000100000000)
  region size 1024K, 16 young (16384K), 16 survivors (16384K)
 Metaspace       used 58536K, capacity 60272K, committed 60316K, reserved 307200K
  class space    used 7593K, capacity 8259K, committed 8268K, reserved 253952K
}
Event: 11.707 GC heap before
{Heap before GC invocations=10 (full 0):
 garbage-first heap   total 262144K, used 184566K [0x00000000e0000000, 0x0000000100000000)
  region size 1024K, 153 young (156672K), 16 survivors (16384K)
 Metaspace       used 60176K, capacity 62076K, committed 62364K, reserved 309248K
  class space    used 7726K, capacity 8439K, committed 8524K, reserved 253952K
}
Event: 11.721 GC heap after
{Heap after GC invocations=11 (full 0):
 garbage-first heap   total 262144K, used 49703K [0x00000000e0000000, 0x0000000100000000)
  region size 1024K, 12 young (12288K), 12 survivors (12288K)
 Metaspace       used 60176K, capacity 62076K, committed 62364K, reserved 309248K
  class space    used 7726K, capacity 8439K, committed 8524K, reserved 253952K
}
Event: 11.957 GC heap before
{Heap before GC invocations=11 (full 0):
 garbage-first heap   total 262144K, used 196135K [0x00000000e0000000, 0x0000000100000000)
  region size 1024K, 153 young (156672K), 12 survivors (12288K)
 Metaspace       used 60428K, capacity 62313K, committed 62364K, reserved 309248K
  class space    used 7768K, capacity 8494K, committed 8524K, reserved 253952K
}
Event: 11.969 GC heap after
{Heap after GC invocations=12 (full 0):
 garbage-first heap   total 262144K, used 50012K [0x00000000e0000000, 0x0000000100000000)
  region size 1024K, 5 young (5120K), 5 survivors (5120K)
 Metaspace       used 60428K, capacity 62313K, committed 62364K, reserved 309248K
  class space    used 7768K, capacity 8494K, committed 8524K, reserved 253952K
}

