# JRE version: Java(TM) SE Runtime Environment 18.9 (11.0.12+8) (build 11.0.12+8-LTS-237)
# Java VM: Java HotSpot(TM) 64-Bit Server VM 18.9 (11.0.12+8-LTS-237, mixed mode, tiered, compressed oops, g1 gc, windows-amd64)
Heap:
 garbage-first heap   total 262144K, used 48659K [0x00000000e0000000, 0x0000000100000000)
  region size 1024K, 12 young (12288K), 10 survivors (10240K)
 Metaspace       used 60267K, capacity 62206K, committed 62492K, reserved 309248K
  class space    used 7778K, capacity 8525K, committed 8652K, reserved 253952K
GC Heap History (10 events):
Event: 6.248 GC heap before
{Heap before GC invocations=6 (full 0):
 garbage-first heap   total 262144K, used 131679K [0x00000000e0000000, 0x0000000100000000)
  region size 1024K, 111 young (113664K), 6 survivors (6144K)
 Metaspace       used 45002K, capacity 46127K, committed 46236K, reserved 294912K
  class space    used 5805K, capacity 6178K, committed 6220K, reserved 253952K
}
Event: 6.261 GC heap after
{Heap after GC invocations=7 (full 0):
 garbage-first heap   total 262144K, used 30115K [0x00000000e0000000, 0x0000000100000000)
  region size 1024K, 14 young (14336K), 14 survivors (14336K)
 Metaspace       used 45002K, capacity 46127K, committed 46236K, reserved 294912K
  class space    used 5805K, capacity 6178K, committed 6220K, reserved 253952K
}
Event: 8.220 GC heap before
{Heap before GC invocations=8 (full 0):
 garbage-first heap   total 262144K, used 173475K [0x00000000e0000000, 0x0000000100000000)
  region size 1024K, 153 young (156672K), 14 survivors (14336K)
 Metaspace       used 54735K, capacity 56396K, committed 56604K, reserved 303104K
  class space    used 7183K, capacity 7836K, committed 7884K, reserved 253952K
}
Event: 8.236 GC heap after
{Heap after GC invocations=9 (full 0):
 garbage-first heap   total 262144K, used 38512K [0x00000000e0000000, 0x0000000100000000)
  region size 1024K, 17 young (17408K), 17 survivors (17408K)
 Metaspace       used 54735K, capacity 56396K, committed 56604K, reserved 303104K
  class space    used 7183K, capacity 7836K, committed 7884K, reserved 253952K
}
Event: 10.238 GC heap before
{Heap before GC invocations=9 (full 0):
 garbage-first heap   total 262144K, used 176752K [0x00000000e0000000, 0x0000000100000000)
  region size 1024K, 153 young (156672K), 17 survivors (17408K)
 Metaspace       used 58735K, capacity 60656K, committed 60956K, reserved 307200K
  class space    used 7584K, capacity 8318K, committed 8396K, reserved 253952K
}
Event: 10.263 GC heap after
{Heap after GC invocations=10 (full 0):
 garbage-first heap   total 262144K, used 46383K [0x00000000e0000000, 0x0000000100000000)
  region size 1024K, 18 young (18432K), 18 survivors (18432K)
 Metaspace       used 58735K, capacity 60656K, committed 60956K, reserved 307200K
  class space    used 7584K, capacity 8318K, committed 8396K, reserved 253952K
}
Event: 10.848 GC heap before
{Heap before GC invocations=10 (full 0):
 garbage-first heap   total 262144K, used 185647K [0x00000000e0000000, 0x0000000100000000)
  region size 1024K, 153 young (156672K), 18 survivors (18432K)
 Metaspace       used 59756K, capacity 61732K, committed 61852K, reserved 309248K
  class space    used 7698K, capacity 8452K, committed 8524K, reserved 253952K
}
Event: 10.864 GC heap after
{Heap after GC invocations=11 (full 0):
 garbage-first heap   total 262144K, used 49152K [0x00000000e0000000, 0x0000000100000000)
  region size 1024K, 10 young (10240K), 10 survivors (10240K)
 Metaspace       used 59756K, capacity 61732K, committed 61852K, reserved 309248K
  class space    used 7698K, capacity 8452K, committed 8524K, reserved 253952K
}
Event: 11.181 GC heap before
{Heap before GC invocations=11 (full 0):
 garbage-first heap   total 262144K, used 197632K [0x00000000e0000000, 0x0000000100000000)
  region size 1024K, 153 young (156672K), 10 survivors (10240K)
 Metaspace       used 60131K, capacity 62045K, committed 62108K, reserved 309248K
  class space    used 7758K, capacity 8511K, committed 8524K, reserved 253952K
}
Event: 11.190 GC heap after
{Heap after GC invocations=12 (full 0):
 garbage-first heap   total 262144K, used 47635K [0x00000000e0000000, 0x0000000100000000)
  region size 1024K, 10 young (10240K), 10 survivors (10240K)
 Metaspace       used 60131K, capacity 62045K, committed 62108K, reserved 309248K
  class space    used 7758K, capacity 8511K, committed 8524K, reserved 253952K
}

