# JRE version: Java(TM) SE Runtime Environment 18.9 (11.0.12+8) (build 11.0.12+8-LTS-237)
# Java VM: Java HotSpot(TM) 64-Bit Server VM 18.9 (11.0.12+8-LTS-237, mixed mode, tiered, compressed oops, g1 gc, windows-amd64)
Heap:
 garbage-first heap   total 262144K, used 61599K [0x00000000e0000000, 0x0000000100000000)
  region size 1024K, 24 young (24576K), 11 survivors (11264K)
 Metaspace       used 60198K, capacity 62123K, committed 62312K, reserved 309248K
  class space    used 7773K, capacity 8520K, committed 8600K, reserved 253952K
GC Heap History (10 events):
Event: 6.006 GC heap before
{Heap before GC invocations=7 (full 0):
 garbage-first heap   total 262144K, used 136052K [0x00000000e0000000, 0x0000000100000000)
  region size 1024K, 116 young (118784K), 7 survivors (7168K)
 Metaspace       used 45192K, capacity 46319K, committed 46440K, reserved 294912K
  class space    used 5832K, capacity 6242K, committed 6296K, reserved 253952K
}
Event: 6.023 GC heap after
{Heap after GC invocations=8 (full 0):
 garbage-first heap   total 262144K, used 30705K [0x00000000e0000000, 0x0000000100000000)
  region size 1024K, 15 young (15360K), 15 survivors (15360K)
 Metaspace       used 45192K, capacity 46319K, committed 46440K, reserved 294912K
  class space    used 5832K, capacity 6242K, committed 6296K, reserved 253952K
}
Event: 7.902 GC heap before
{Heap before GC invocations=9 (full 0):
 garbage-first heap   total 262144K, used 157681K [0x00000000e0000000, 0x0000000100000000)
  region size 1024K, 138 young (141312K), 15 survivors (15360K)
 Metaspace       used 54530K, capacity 56196K, committed 56424K, reserved 303104K
  class space    used 7156K, capacity 7792K, committed 7832K, reserved 253952K
}
Event: 7.925 GC heap after
{Heap after GC invocations=10 (full 0):
 garbage-first heap   total 262144K, used 37848K [0x00000000e0000000, 0x0000000100000000)
  region size 1024K, 16 young (16384K), 16 survivors (16384K)
 Metaspace       used 54530K, capacity 56196K, committed 56424K, reserved 303104K
  class space    used 7156K, capacity 7792K, committed 7832K, reserved 253952K
}
Event: 9.844 GC heap before
{Heap before GC invocations=10 (full 0):
 garbage-first heap   total 262144K, used 173016K [0x00000000e0000000, 0x0000000100000000)
  region size 1024K, 149 young (152576K), 16 survivors (16384K)
 Metaspace       used 58557K, capacity 60439K, committed 60520K, reserved 307200K
  class space    used 7579K, capacity 8313K, committed 8344K, reserved 253952K
}
Event: 9.862 GC heap after
{Heap after GC invocations=11 (full 0):
 garbage-first heap   total 262144K, used 47687K [0x00000000e0000000, 0x0000000100000000)
  region size 1024K, 18 young (18432K), 18 survivors (18432K)
 Metaspace       used 58557K, capacity 60439K, committed 60520K, reserved 307200K
  class space    used 7579K, capacity 8313K, committed 8344K, reserved 253952K
}
Event: 10.473 GC heap before
{Heap before GC invocations=11 (full 0):
 garbage-first heap   total 262144K, used 186951K [0x00000000e0000000, 0x0000000100000000)
  region size 1024K, 153 young (156672K), 18 survivors (18432K)
 Metaspace       used 59675K, capacity 61585K, committed 61672K, reserved 307200K
  class space    used 7694K, capacity 8447K, committed 8472K, reserved 253952K
}
Event: 10.489 GC heap after
{Heap after GC invocations=12 (full 0):
 garbage-first heap   total 262144K, used 51123K [0x00000000e0000000, 0x0000000100000000)
  region size 1024K, 12 young (12288K), 12 survivors (12288K)
 Metaspace       used 59675K, capacity 61585K, committed 61672K, reserved 307200K
  class space    used 7694K, capacity 8447K, committed 8472K, reserved 253952K
}
Event: 10.744 GC heap before
{Heap before GC invocations=12 (full 0):
 garbage-first heap   total 262144K, used 197555K [0x00000000e0000000, 0x0000000100000000)
  region size 1024K, 153 young (156672K), 12 survivors (12288K)
 Metaspace       used 60059K, capacity 62026K, committed 62312K, reserved 309248K
  class space    used 7753K, capacity 8506K, committed 8600K, reserved 253952K
}
Event: 10.752 GC heap after
{Heap after GC invocations=13 (full 0):
 garbage-first heap   total 262144K, used 50335K [0x00000000e0000000, 0x0000000100000000)
  region size 1024K, 11 young (11264K), 11 survivors (11264K)
 Metaspace       used 60059K, capacity 62026K, committed 62312K, reserved 309248K
  class space    used 7753K, capacity 8506K, committed 8600K, reserved 253952K
}

