# JRE version: Java(TM) SE Runtime Environment 18.9 (11.0.12+8) (build 11.0.12+8-LTS-237)
# Java VM: Java HotSpot(TM) 64-Bit Server VM 18.9 (11.0.12+8-LTS-237, mixed mode, tiered, compressed oops, g1 gc, windows-amd64)
Heap:
 garbage-first heap   total 229376K, used 9240K [0x0000000720c00000, 0x0000000800000000)
  region size 1024K, 3 young (3072K), 3 survivors (3072K)
 Metaspace       used 20697K, capacity 21257K, committed 21376K, reserved 1081344K
  class space    used 2360K, capacity 2594K, committed 2688K, reserved 1048576K
GC Heap History (6 events):
Event: 0.748 GC heap before
{Heap before GC invocations=0 (full 0):
 garbage-first heap   total 229376K, used 24576K [0x0000000720c00000, 0x0000000800000000)
  region size 1024K, 24 young (24576K), 0 survivors (0K)
 Metaspace       used 11140K, capacity 11417K, committed 11520K, reserved 1058816K
  class space    used 1144K, capacity 1256K, committed 1280K, reserved 1048576K
}
Event: 0.753 GC heap after
{Heap after GC invocations=1 (full 0):
 garbage-first heap   total 229376K, used 7013K [0x0000000720c00000, 0x0000000800000000)
  region size 1024K, 3 young (3072K), 3 survivors (3072K)
 Metaspace       used 11140K, capacity 11417K, committed 11520K, reserved 1058816K
  class space    used 1144K, capacity 1256K, committed 1280K, reserved 1048576K
}
Event: 1.296 GC heap before
{Heap before GC invocations=1 (full 0):
 garbage-first heap   total 229376K, used 53093K [0x0000000720c00000, 0x0000000800000000)
  region size 1024K, 49 young (50176K), 3 survivors (3072K)
 Metaspace       used 20505K, capacity 21089K, committed 21248K, reserved 1073152K
  class space    used 2338K, capacity 2559K, committed 2560K, reserved 1048576K
}
Event: 1.303 GC heap after
{Heap after GC invocations=2 (full 0):
 garbage-first heap   total 229376K, used 9055K [0x0000000720c00000, 0x0000000800000000)
  region size 1024K, 5 young (5120K), 5 survivors (5120K)
 Metaspace       used 20505K, capacity 21089K, committed 21248K, reserved 1073152K
  class space    used 2338K, capacity 2559K, committed 2560K, reserved 1048576K
}
Event: 1.321 GC heap before
{Heap before GC invocations=3 (full 0):
 garbage-first heap   total 229376K, used 10079K [0x0000000720c00000, 0x0000000800000000)
  region size 1024K, 7 young (7168K), 5 survivors (5120K)
 Metaspace       used 20697K, capacity 21257K, committed 21376K, reserved 1079296K
  class space    used 2360K, capacity 2594K, committed 2688K, reserved 1048576K
}
Event: 1.326 GC heap after
{Heap after GC invocations=4 (full 0):
 garbage-first heap   total 229376K, used 9240K [0x0000000720c00000, 0x0000000800000000)
  region size 1024K, 3 young (3072K), 3 survivors (3072K)
 Metaspace       used 20697K, capacity 21257K, committed 21376K, reserved 1079296K
  class space    used 2360K, capacity 2594K, committed 2688K, reserved 1048576K
}

